\BOOKMARK [1][-]{section.4}{\376\377\000G\000e\000n\000e\000r\000a\000l\000\040\000P\000r\000o\000v\000i\000s\000i\000o\000n\000s\000\040\000f\000o\000r\000\040\000A\000i\000r\000\040\000T\000r\000a\000f\000f\000i\000c\000\040\000S\000e\000r\000v\000i\000c\000e\000s}{}% 1
\BOOKMARK [2][-]{subsection.4.1}{\376\377\000R\000e\000s\000p\000o\000n\000s\000i\000b\000i\000l\000i\000t\000y\000\040\000f\000o\000r\000\040\000t\000h\000e\000\040\000p\000r\000o\000v\000i\000s\000i\000o\000n\000\040\000o\000f\000\040\000a\000i\000r\000\040\000t\000r\000a\000f\000f\000i\000c\000\040\000c\000o\000n\000t\000r\000o\000l\000\040\000s\000e\000r\000v\000i\000c\000e}{section.4}% 2
\BOOKMARK [2][-]{subsection.4.2}{\376\377\000R\000e\000s\000p\000o\000n\000s\000i\000b\000i\000l\000i\000t\000y\000\040\000f\000o\000r\000\040\000t\000h\000e\000\040\000p\000r\000o\000v\000i\000s\000i\000o\000n\000\040\000o\000f\000\040\000f\000l\000i\000g\000h\000t\000\040\000i\000n\000f\000o\000r\000m\000a\000t\000i\000o\000n\000\040\000s\000e\000r\000v\000i\000c\000e\000\040\000a\000n\000d\000\040\000a\000l\000e\000r\000t\000i\000n\000g\000\040\000s\000e\000r\000v\000i\000c\000e}{section.4}% 3
\BOOKMARK [2][-]{subsection.4.3}{\376\377\000D\000i\000v\000i\000s\000i\000o\000n\000\040\000o\000f\000\040\000r\000e\000s\000p\000o\000n\000s\000i\000b\000i\000l\000i\000t\000y\000\040\000f\000o\000r\000\040\000c\000o\000n\000t\000r\000o\000l\000\040\000b\000e\000t\000w\000e\000e\000n\000\040\000a\000i\000r\000\040\000t\000r\000a\000f\000f\000i\000c\000\040\000c\000o\000n\000t\000r\000o\000l\000\040\000u\000n\000i\000t\000s}{section.4}% 4
\BOOKMARK [2][-]{subsection.4.4}{\376\377\000F\000l\000i\000g\000h\000t\000\040\000p\000l\000a\000n}{section.4}% 5
\BOOKMARK [2][-]{subsection.4.5}{\376\377\000A\000i\000r\000\040\000t\000r\000a\000f\000f\000i\000c\000\040\000c\000o\000n\000t\000r\000o\000l\000\040\000c\000l\000e\000a\000r\000a\000n\000c\000e\000s}{section.4}% 6
\BOOKMARK [2][-]{subsection.4.6}{\376\377\000H\000o\000r\000i\000z\000o\000n\000t\000a\000l\000\040\000s\000p\000e\000e\000d\000\040\000c\000o\000n\000t\000r\000o\000l\000\040\000i\000n\000s\000t\000r\000u\000c\000t\000i\000o\000n\000s}{section.4}% 7
\BOOKMARK [2][-]{subsection.4.7}{\376\377\000V\000e\000r\000t\000i\000c\000a\000l\000\040\000s\000p\000e\000e\000d\000\040\000c\000o\000n\000t\000r\000o\000l\000\040\000i\000n\000s\000t\000r\000u\000c\000t\000i\000o\000n\000s}{section.4}% 8
\BOOKMARK [2][-]{subsection.4.8}{\376\377\000C\000h\000a\000n\000g\000e\000\040\000f\000r\000o\000m\000\040\000I\000F\000R\000\040\000t\000o\000\040\000V\000F\000R\000\040\000f\000l\000i\000g\000h\000t}{section.4}% 9
\BOOKMARK [2][-]{subsection.4.9}{\376\377\000W\000a\000k\000e\000\040\000t\000u\000r\000b\000u\000l\000e\000n\000c\000e\000\040\000c\000a\000t\000e\000g\000o\000r\000i\000e\000s}{section.4}% 10
\BOOKMARK [2][-]{subsection.4.10}{\376\377\000A\000l\000t\000i\000m\000e\000t\000e\000r\000\040\000s\000e\000t\000t\000i\000n\000g\000\040\000p\000r\000o\000c\000e\000d\000u\000r\000e\000s}{section.4}% 11
\BOOKMARK [2][-]{subsection.4.11}{\376\377\000P\000o\000s\000i\000t\000i\000o\000n\000\040\000r\000e\000p\000o\000r\000t\000i\000n\000g}{section.4}% 12
\BOOKMARK [2][-]{subsection.4.12}{\376\377\000P\000r\000e\000s\000e\000n\000t\000a\000t\000i\000o\000n\000\040\000a\000n\000d\000\040\000u\000p\000d\000a\000t\000i\000n\000g\000\040\000o\000f\000\040\000f\000l\000i\000g\000h\000t\000\040\000p\000l\000a\000n\000\040\000a\000n\000d\000\040\000c\000o\000n\000t\000r\000o\000l\000\040\000d\000a\000t\000a}{section.4}% 13
\BOOKMARK [2][-]{subsection.4.13}{\376\377\000F\000a\000i\000l\000u\000r\000e\000\040\000o\000f\000\040\000i\000r\000r\000e\000g\000u\000l\000a\000r\000i\000t\000y\000\040\000o\000f\000\040\000s\000y\000s\000t\000e\000m\000s\000\040\000a\000n\000d\000\040\000e\000q\000u\000i\000p\000m\000e\000n\000t}{section.4}% 14
\BOOKMARK [2][-]{subsection.4.14}{\376\377\000D\000a\000t\000a\000\040\000l\000i\000n\000k\000\040\000c\000o\000m\000m\000u\000n\000i\000c\000a\000t\000i\000o\000n\000s\000\040\000i\000n\000i\000t\000i\000a\000t\000i\000o\000n\000\040\000p\000r\000o\000c\000e\000d\000u\000r\000e\000s}{section.4}% 15
\BOOKMARK [1][-]{section.6}{\376\377\000S\000e\000p\000a\000r\000a\000t\000i\000o\000n\000\040\000i\000n\000\040\000t\000h\000e\000\040\000V\000i\000c\000i\000n\000i\000t\000y\000\040\000o\000f\000\040\000A\000e\000r\000o\000d\000r\000o\000m\000e\000s}{}% 16
\BOOKMARK [2][-]{subsection.6.1}{\376\377\000R\000e\000d\000u\000c\000t\000i\000o\000n\000\040\000i\000n\000\040\000s\000e\000p\000a\000r\000a\000t\000i\000o\000n\000\040\000m\000i\000n\000i\000m\000a\000\040\000i\000n\000\040\000t\000h\000e\000\040\000v\000i\000c\000i\000n\000i\000t\000y\000\040\000o\000f\000\040\000a\000e\000r\000o\000d\000r\000o\000m\000e\000s}{section.6}% 17
\BOOKMARK [2][-]{subsection.6.2}{\376\377\000E\000s\000s\000e\000n\000t\000i\000a\000l\000\040\000l\000o\000c\000a\000l\000\040\000t\000r\000a\000f\000f\000i\000c}{section.6}% 18
\BOOKMARK [2][-]{subsection.6.3}{\376\377\000P\000r\000o\000c\000e\000d\000u\000r\000e\000s\000\040\000f\000o\000r\000\040\000d\000e\000p\000a\000r\000t\000i\000n\000g\000\040\000a\000i\000r\000c\000r\000a\000f\000t}{section.6}% 19
\BOOKMARK [2][-]{subsection.6.4}{\376\377\000I\000n\000f\000o\000r\000m\000a\000t\000i\000o\000n\000\040\000f\000o\000r\000\040\000d\000e\000p\000a\000r\000t\000i\000n\000g\000\040\000a\000i\000r\000c\000r\000a\000f\000t}{section.6}% 20
\BOOKMARK [2][-]{subsection.6.5}{\376\377\000P\000r\000o\000c\000e\000d\000u\000r\000e\000s\000\040\000f\000o\000r\000\040\000a\000r\000r\000i\000v\000i\000n\000g\000\040\000a\000i\000r\000c\000r\000a\000f\000t}{section.6}% 21
\BOOKMARK [2][-]{subsection.6.6}{\376\377\000I\000n\000f\000o\000r\000m\000a\000t\000i\000o\000n\000\040\000f\000o\000r\000\040\000a\000r\000r\000i\000v\000i\000n\000g\000\040\000a\000i\000r\000c\000r\000a\000f\000t}{section.6}% 22
\BOOKMARK [2][-]{subsection.6.7}{\376\377\000O\000p\000e\000r\000a\000t\000i\000o\000n\000s\000\040\000o\000n\000\040\000p\000a\000r\000a\000l\000l\000e\000l\000\040\000o\000r\000\040\000n\000e\000a\000r\000-\000p\000a\000r\000a\000l\000l\000e\000l\000\040\000r\000u\000n\000w\000a\000y\000s}{section.6}% 23
\BOOKMARK [1][-]{section.7}{\376\377\000P\000r\000o\000c\000e\000d\000u\000r\000e\000s\000\040\000f\000o\000r\000\040\000A\000e\000r\000o\000d\000r\000o\000m\000e\000\040\000C\000o\000n\000t\000r\000o\000l\000\040\000S\000e\000r\000v\000i\000c\000e}{}% 24
\BOOKMARK [2][-]{subsection.7.1}{\376\377\000F\000u\000n\000c\000t\000i\000o\000n\000s\000\040\000o\000f\000\040\000a\000e\000r\000o\000d\000r\000o\000m\000e\000\040\000c\000o\000n\000t\000r\000o\000l\000\040\000t\000o\000w\000e\000r\000s}{section.7}% 25
\BOOKMARK [2][-]{subsection.7.2}{\376\377\000S\000e\000l\000e\000c\000t\000i\000o\000n\000\040\000o\000f\000\040\000r\000u\000n\000w\000a\000y\000-\000i\000n\000-\000u\000s\000e}{section.7}% 26
\BOOKMARK [2][-]{subsection.7.3}{\376\377\000I\000n\000i\000t\000i\000a\000l\000\040\000c\000a\000l\000l\000\040\000t\000o\000\040\000a\000e\000r\000o\000d\000r\000o\000m\000e\000\040\000c\000o\000n\000t\000r\000o\000l\000\040\000t\000o\000w\000e\000r}{section.7}% 27
\BOOKMARK [2][-]{subsection.7.4}{\376\377\000I\000n\000f\000o\000r\000m\000a\000t\000i\000o\000n\000\040\000t\000o\000\040\000a\000i\000r\000c\000r\000a\000f\000t\000\040\000b\000y\000\040\000a\000e\000r\000o\000d\000r\000o\000m\000e\000\040\000c\000o\000n\000t\000r\000o\000l\000\040\000t\000o\000w\000e\000r\000s}{section.7}% 28
\BOOKMARK [2][-]{subsection.7.5}{\376\377\000E\000s\000s\000e\000n\000t\000i\000a\000l\000\040\000i\000n\000f\000o\000r\000m\000a\000t\000i\000o\000n\000\040\000o\000n\000\040\000a\000e\000r\000o\000d\000r\000o\000m\000e\000\040\000c\000o\000n\000d\000i\000t\000i\000o\000n\000s}{section.7}% 29
\BOOKMARK [2][-]{subsection.7.6}{\376\377\000C\000o\000n\000t\000r\000o\000l\000\040\000o\000f\000\040\000a\000e\000r\000o\000d\000r\000o\000m\000e\000\040\000t\000r\000a\000f\000f\000i\000c}{section.7}% 30
\BOOKMARK [2][-]{subsection.7.7}{\376\377\000C\000o\000n\000t\000r\000o\000l\000\040\000o\000f\000\040\000t\000r\000a\000f\000f\000i\000c\000\040\000i\000n\000\040\000t\000h\000e\000\040\000t\000r\000a\000f\000f\000i\000c\000\040\000c\000i\000r\000c\000u\000i\000t}{section.7}% 31
\BOOKMARK [2][-]{subsection.7.8}{\376\377\000O\000r\000d\000e\000r\000\040\000o\000f\000\040\000p\000r\000i\000o\000r\000i\000t\000y\000\040\000f\000o\000r\000\040\000a\000r\000r\000i\000v\000i\000n\000g\000\040\000a\000n\000d\000\040\000d\000e\000p\000a\000r\000t\000i\000n\000g\000\040\000a\000i\000r\000c\000r\000a\000f\000t}{section.7}% 32
\BOOKMARK [2][-]{subsection.7.9}{\376\377\000C\000o\000n\000t\000r\000o\000l\000\040\000o\000f\000\040\000d\000e\000p\000a\000r\000t\000i\000n\000g\000\040\000a\000i\000r\000c\000r\000a\000f\000t}{section.7}% 33
\BOOKMARK [2][-]{subsection.7.10}{\376\377\000C\000o\000n\000t\000r\000o\000l\000\040\000o\000f\000\040\000a\000r\000r\000i\000v\000i\000n\000g\000\040\000a\000i\000r\000c\000r\000a\000f\000t}{section.7}% 34
\BOOKMARK [2][-]{subsection.7.11}{\376\377\000R\000e\000d\000u\000c\000e\000d\000\040\000r\000u\000n\000w\000a\000y\000\040\000s\000e\000p\000a\000r\000a\000t\000i\000o\000n\000\040\000m\000i\000n\000i\000m\000a\000\040\000b\000e\000t\000w\000e\000e\000n\000\040\000a\000i\000r\000c\000r\000a\000f\000t\000\040\000u\000s\000i\000n\000g\000\040\000t\000h\000e\000\040\000s\000a\000m\000e\000\040\000r\000u\000n\000w\000a\000y}{section.7}% 35
\BOOKMARK [2][-]{subsection.7.12}{\376\377\000P\000r\000o\000c\000e\000d\000u\000r\000e\000s\000\040\000f\000o\000r\000\040\000l\000o\000w\000\040\000v\000i\000s\000i\000b\000i\000l\000i\000t\000y\000\040\000o\000p\000e\000r\000a\000t\000i\000o\000n\000s}{section.7}% 36
\BOOKMARK [2][-]{subsection.7.13}{\376\377\000S\000u\000s\000p\000e\000n\000s\000i\000o\000n\000\040\000o\000f\000\040\000v\000i\000s\000u\000a\000l\000\040\000f\000l\000i\000g\000h\000t\000\040\000r\000u\000l\000e\000s\000\040\000o\000p\000e\000r\000a\000t\000i\000o\000n\000s}{section.7}% 37
\BOOKMARK [2][-]{subsection.7.14}{\376\377\000A\000u\000t\000h\000o\000r\000i\000z\000a\000t\000i\000o\000n\000\040\000o\000f\000\040\000s\000p\000e\000c\000i\000a\000l\000\040\000V\000F\000R\000\040\000f\000l\000i\000g\000h\000t\000s}{section.7}% 38
\BOOKMARK [2][-]{subsection.7.15}{\376\377\000D\000e\000s\000i\000g\000n\000a\000t\000i\000o\000n\000\040\000o\000f\000\040\000h\000o\000t\000\040\000s\000p\000o\000t\000\050\000s\000\051}{section.7}% 39
\BOOKMARK [1][-]{section.8}{\376\377\000A\000T\000S\000\040\000S\000u\000r\000v\000e\000i\000l\000l\000a\000n\000c\000e\000\040\000S\000e\000r\000v\000i\000c\000e\000s}{}% 40
\BOOKMARK [2][-]{subsection.8.1}{\376\377\000A\000T\000S\000\040\000s\000u\000r\000v\000e\000i\000l\000l\000a\000n\000c\000e\000\040\000s\000y\000s\000t\000e\000m\000s\000\040\000c\000a\000p\000a\000b\000i\000l\000i\000t\000i\000e\000s}{section.8}% 41
\BOOKMARK [2][-]{subsection.8.2}{\376\377\000S\000i\000t\000u\000a\000t\000i\000o\000n\000\040\000d\000i\000s\000p\000l\000a\000y}{section.8}% 42
\BOOKMARK [2][-]{subsection.8.3}{\376\377\000C\000o\000m\000m\000u\000n\000i\000c\000a\000t\000i\000o\000n\000s}{section.8}% 43
\BOOKMARK [2][-]{subsection.8.4}{\376\377\000P\000r\000o\000v\000i\000s\000i\000o\000n\000\040\000o\000f\000\040\000A\000T\000S\000\040\000s\000u\000r\000v\000e\000i\000l\000l\000a\000n\000c\000e\000\040\000s\000e\000r\000v\000i\000c\000e\000s}{section.8}% 44
\BOOKMARK [2][-]{subsection.8.5}{\376\377\000U\000s\000e\000\040\000o\000f\000\040\000S\000S\000R\000\040\000t\000r\000a\000n\000s\000p\000o\000n\000d\000e\000r\000s\000\040\000a\000n\000d\000\040\000A\000D\000S\000-\000B\000\040\000t\000r\000a\000n\000s\000m\000i\000t\000t\000e\000r\000s}{section.8}% 45
\BOOKMARK [2][-]{subsection.8.6}{\376\377\000G\000e\000n\000e\000r\000a\000l\000\040\000p\000r\000o\000c\000e\000d\000u\000r\000e\000s}{section.8}% 46
